{
  "E:\\coding\\GitHub\\romeTest\\src\\App.tsx": {
    "path": "E:\\coding\\GitHub\\romeTest\\src\\App.tsx",
    "all": false,
    "statementMap": {
      "0": { "start": { "line": 1, "column": 0 }, "end": { "line": 1, "column": 19 } },
      "1": { "start": { "line": 2, "column": 0 }, "end": { "line": 2, "column": 33 } },
      "2": { "start": { "line": 3, "column": 0 }, "end": { "line": 3, "column": 67 } },
      "3": { "start": { "line": 4, "column": 0 }, "end": { "line": 4, "column": 42 } },
      "4": { "start": { "line": 5, "column": 0 }, "end": { "line": 5, "column": 30 } },
      "5": { "start": { "line": 6, "column": 0 }, "end": { "line": 6, "column": 0 } },
      "6": { "start": { "line": 7, "column": 0 }, "end": { "line": 7, "column": 16 } },
      "7": { "start": { "line": 8, "column": 0 }, "end": { "line": 8, "column": 40 } },
      "8": { "start": { "line": 9, "column": 0 }, "end": { "line": 9, "column": 0 } },
      "9": { "start": { "line": 10, "column": 0 }, "end": { "line": 10, "column": 23 } },
      "10": { "start": { "line": 11, "column": 0 }, "end": { "line": 11, "column": 35 } },
      "11": { "start": { "line": 12, "column": 0 }, "end": { "line": 12, "column": 3 } },
      "12": { "start": { "line": 13, "column": 0 }, "end": { "line": 13, "column": 0 } },
      "13": { "start": { "line": 14, "column": 0 }, "end": { "line": 14, "column": 10 } },
      "14": { "start": { "line": 15, "column": 0 }, "end": { "line": 15, "column": 25 } },
      "15": { "start": { "line": 16, "column": 0 }, "end": { "line": 16, "column": 37 } },
      "16": { "start": { "line": 17, "column": 0 }, "end": { "line": 17, "column": 58 } },
      "17": { "start": { "line": 18, "column": 0 }, "end": { "line": 18, "column": 30 } },
      "18": { "start": { "line": 19, "column": 0 }, "end": { "line": 19, "column": 50 } },
      "19": { "start": { "line": 20, "column": 0 }, "end": { "line": 20, "column": 29 } },
      "20": { "start": { "line": 21, "column": 0 }, "end": { "line": 21, "column": 12 } },
      "21": { "start": { "line": 22, "column": 0 }, "end": { "line": 22, "column": 0 } },
      "22": { "start": { "line": 23, "column": 0 }, "end": { "line": 23, "column": 30 } },
      "23": { "start": { "line": 24, "column": 0 }, "end": { "line": 24, "column": 67 } },
      "24": { "start": { "line": 25, "column": 0 }, "end": { "line": 25, "column": 82 } },
      "25": { "start": { "line": 26, "column": 0 }, "end": { "line": 26, "column": 0 } },
      "26": { "start": { "line": 27, "column": 0 }, "end": { "line": 27, "column": 13 } },
      "27": { "start": { "line": 28, "column": 0 }, "end": { "line": 28, "column": 72 } },
      "28": { "start": { "line": 29, "column": 0 }, "end": { "line": 29, "column": 14 } },
      "29": { "start": { "line": 30, "column": 0 }, "end": { "line": 30, "column": 13 } },
      "30": { "start": { "line": 31, "column": 0 }, "end": { "line": 31, "column": 14 } },
      "31": { "start": { "line": 32, "column": 0 }, "end": { "line": 32, "column": 34 } },
      "32": { "start": { "line": 33, "column": 0 }, "end": { "line": 33, "column": 40 } },
      "33": { "start": { "line": 34, "column": 0 }, "end": { "line": 34, "column": 29 } },
      "34": { "start": { "line": 35, "column": 0 }, "end": { "line": 35, "column": 39 } },
      "35": { "start": { "line": 36, "column": 0 }, "end": { "line": 36, "column": 13 } },
      "36": { "start": { "line": 37, "column": 0 }, "end": { "line": 37, "column": 25 } },
      "37": { "start": { "line": 38, "column": 0 }, "end": { "line": 38, "column": 16 } },
      "38": { "start": { "line": 39, "column": 0 }, "end": { "line": 39, "column": 19 } },
      "39": { "start": { "line": 40, "column": 0 }, "end": { "line": 40, "column": 14 } },
      "40": { "start": { "line": 41, "column": 0 }, "end": { "line": 41, "column": 34 } },
      "41": { "start": { "line": 42, "column": 0 }, "end": { "line": 42, "column": 59 } },
      "42": { "start": { "line": 43, "column": 0 }, "end": { "line": 43, "column": 29 } },
      "43": { "start": { "line": 44, "column": 0 }, "end": { "line": 44, "column": 39 } },
      "44": { "start": { "line": 45, "column": 0 }, "end": { "line": 45, "column": 13 } },
      "45": { "start": { "line": 46, "column": 0 }, "end": { "line": 46, "column": 23 } },
      "46": { "start": { "line": 47, "column": 0 }, "end": { "line": 47, "column": 16 } },
      "47": { "start": { "line": 48, "column": 0 }, "end": { "line": 48, "column": 14 } },
      "48": { "start": { "line": 49, "column": 0 }, "end": { "line": 49, "column": 14 } },
      "49": { "start": { "line": 50, "column": 0 }, "end": { "line": 50, "column": 66 } },
      "50": { "start": { "line": 51, "column": 0 }, "end": { "line": 51, "column": 48 } },
      "51": { "start": { "line": 52, "column": 0 }, "end": { "line": 52, "column": 24 } },
      "52": { "start": { "line": 53, "column": 0 }, "end": { "line": 53, "column": 55 } },
      "53": { "start": { "line": 54, "column": 0 }, "end": { "line": 54, "column": 15 } },
      "54": { "start": { "line": 55, "column": 0 }, "end": { "line": 55, "column": 15 } },
      "55": { "start": { "line": 56, "column": 0 }, "end": { "line": 56, "column": 10 } },
      "56": { "start": { "line": 57, "column": 0 }, "end": { "line": 57, "column": 4 } },
      "57": { "start": { "line": 58, "column": 0 }, "end": { "line": 58, "column": 1 } },
      "58": { "start": { "line": 59, "column": 0 }, "end": { "line": 59, "column": 0 } },
      "59": { "start": { "line": 60, "column": 0 }, "end": { "line": 60, "column": 19 } }
    },
    "s": {
      "0": 1,
      "1": 1,
      "2": 1,
      "3": 1,
      "4": 1,
      "5": 1,
      "6": 1,
      "7": 1,
      "8": 1,
      "9": 1,
      "10": 0,
      "11": 0,
      "12": 0,
      "13": 0,
      "14": 13,
      "15": 13,
      "16": 13,
      "17": 13,
      "18": 13,
      "19": 13,
      "20": 13,
      "21": 13,
      "22": 13,
      "23": 13,
      "24": 13,
      "25": 13,
      "26": 13,
      "27": 13,
      "28": 13,
      "29": 13,
      "30": 13,
      "31": 13,
      "32": 13,
      "33": 13,
      "34": 13,
      "35": 13,
      "36": 13,
      "37": 13,
      "38": 13,
      "39": 13,
      "40": 13,
      "41": 13,
      "42": 13,
      "43": 13,
      "44": 13,
      "45": 13,
      "46": 13,
      "47": 13,
      "48": 13,
      "49": 13,
      "50": 13,
      "51": 13,
      "52": 13,
      "53": 13,
      "54": 13,
      "55": 13,
      "56": 13,
      "57": 13,
      "58": 13,
      "59": 1
    },
    "branchMap": {
      "0": {
        "type": "branch",
        "line": 7,
        "loc": {
          "start": { "line": 7, "column": 0 },
          "end": { "line": 60, "column": 15 }
        },
        "locations": [
          { "start": { "line": 7, "column": 0 }, "end": { "line": 60, "column": 15 } }
        ]
      },
      "1": {
        "type": "branch",
        "line": 7,
        "loc": {
          "start": { "line": 7, "column": 0 },
          "end": { "line": 60, "column": 15 }
        },
        "locations": [
          { "start": { "line": 7, "column": 0 }, "end": { "line": 60, "column": 15 } }
        ]
      },
      "2": {
        "type": "branch",
        "line": 7,
        "loc": {
          "start": { "line": 7, "column": 0 },
          "end": { "line": 15, "column": 9 }
        },
        "locations": [
          { "start": { "line": 7, "column": 0 }, "end": { "line": 15, "column": 9 } }
        ]
      }
    },
    "b": { "0": [2], "1": [13], "2": [1] },
    "fnMap": {
      "0": {
        "name": "App",
        "decl": {
          "start": { "line": 7, "column": 0 },
          "end": { "line": 60, "column": 15 }
        },
        "loc": {
          "start": { "line": 7, "column": 0 },
          "end": { "line": 60, "column": 15 }
        },
        "line": 7
      },
      "1": {
        "name": "App",
        "decl": {
          "start": { "line": 7, "column": 0 },
          "end": { "line": 60, "column": 15 }
        },
        "loc": {
          "start": { "line": 7, "column": 0 },
          "end": { "line": 60, "column": 15 }
        },
        "line": 7
      },
      "2": {
        "name": "App",
        "decl": {
          "start": { "line": 7, "column": 0 },
          "end": { "line": 15, "column": 9 }
        },
        "loc": {
          "start": { "line": 7, "column": 0 },
          "end": { "line": 15, "column": 9 }
        },
        "line": 7
      },
      "3": {
        "name": "countAdd",
        "decl": {
          "start": { "line": 10, "column": 2 },
          "end": { "line": 14, "column": 10 }
        },
        "loc": {
          "start": { "line": 10, "column": 2 },
          "end": { "line": 14, "column": 10 }
        },
        "line": 10
      }
    },
    "f": { "0": 2, "1": 13, "2": 1, "3": 0 }
  },
  "E:\\coding\\GitHub\\romeTest\\src\\test\\setup.ts": {
    "path": "E:\\coding\\GitHub\\romeTest\\src\\test\\setup.ts",
    "all": false,
    "statementMap": {
      "0": { "start": { "line": 1, "column": 0 }, "end": { "line": 1, "column": 34 } }
    },
    "s": { "0": 1 },
    "branchMap": {},
    "b": {},
    "fnMap": {},
    "f": {}
  }
}
